<?xml version="1.0" encoding="UTF-8"?>
<!-- Generated by org.testng.reporters.JUnitReportReporter -->
<testsuite hostname="Hemanth" failures="0" tests="1" name="DataProvider.DataProvider_Form" time="11.482" errors="0" timestamp="2024-01-28T23:26:40 IST" skipped="0">
  <testcase classname="DataProvider.DataProvider_Form" name="dataTest" time="11.482"/>
  <system-out/>
</testsuite> <!-- DataProvider.DataProvider_Form -->
