<?xml version="1.0" encoding="UTF-8"?>
<!-- Generated by org.testng.reporters.JUnitReportReporter -->
<testsuite hostname="Hemanth" failures="0" tests="1" name="handling_testng.InstaLogin" time="6.213" errors="0" timestamp="2024-01-17T17:28:03 IST" skipped="0">
  <testcase classname="handling_testng.InstaLogin" name="login" time="6.213"/>
  <system-out/>
</testsuite> <!-- handling_testng.InstaLogin -->
