<?xml version="1.0" encoding="UTF-8"?>
<!-- Generated by org.testng.reporters.JUnitReportReporter -->
<testsuite hostname="Hemanth" failures="0" tests="1" name="DataProvider.FetchProperties_PropertyFile" time="0.008" errors="0" timestamp="2024-01-26T13:18:26 IST" skipped="0">
  <testcase classname="DataProvider.FetchProperties_PropertyFile" name="data" time="0.008"/>
  <system-out/>
</testsuite> <!-- DataProvider.FetchProperties_PropertyFile -->
