<?xml version="1.0" encoding="UTF-8"?>
<!-- Generated by org.testng.reporters.JUnitReportReporter -->
<testsuite hostname="Hemanth" failures="0" tests="1" name="POM.enterdataintoTF" time="7.242" errors="0" timestamp="2024-01-23T17:07:22 IST" skipped="0">
  <testcase classname="POM.enterdataintoTF" name="enter" time="7.242"/>
  <system-out/>
</testsuite> <!-- POM.enterdataintoTF -->
