<?xml version="1.0" encoding="UTF-8"?>
<!-- Generated by org.testng.reporters.JUnitReportReporter -->
<testsuite hostname="Hemanth" failures="0" tests="1" name="Assertion.Facebook_assertion_fail" time="2.751" errors="0" timestamp="2024-01-19T16:54:54 IST" skipped="0">
  <testcase classname="Assertion.Facebook_assertion_fail" name="assertion" time="2.751"/>
  <system-out/>
</testsuite> <!-- Assertion.Facebook_assertion_fail -->
