<?xml version="1.0" encoding="UTF-8"?>
<!-- Generated by org.testng.reporters.JUnitReportReporter -->
<testsuite hostname="Hemanth" failures="0" tests="2" name="handling_testng.runner" time="5.852" errors="0" timestamp="2024-01-16T17:25:37 IST" skipped="0">
  <testcase classname="handling_testng.runner" name="run" time="3.544"/>
  <system-out/>
  <testcase classname="handling_testng.runner" name="run1" time="2.308"/>
  <system-out/>
</testsuite> <!-- handling_testng.runner -->
