<?xml version="1.0" encoding="UTF-8"?>
<!-- Generated by org.testng.reporters.JUnitReportReporter -->
<testsuite hostname="Hemanth" failures="0" tests="1" name="Basic_Hybrid_Framework.Runner_orangehrm" time="22.766" errors="0" timestamp="2024-01-24T16:26:45 IST" skipped="0">
  <testcase classname="Basic_Hybrid_Framework.Runner_orangehrm" name="login" time="22.766"/>
  <system-out/>
</testsuite> <!-- Basic_Hybrid_Framework.Runner_orangehrm -->
