<?xml version="1.0" encoding="UTF-8"?>
<!-- Generated by org.testng.reporters.JUnitReportReporter -->
<testsuite hostname="Hemanth" failures="0" tests="2" name="Youtube_Play.Play_Video" time="13.528" errors="0" timestamp="2024-01-22T17:08:09 IST" skipped="1">
  <testcase classname="Youtube_Play.Play_Video" name="video" time="13.528"/>
  <system-out/>
  <testcase classname="Youtube_Play.Play_Video" name="Video1">
    <skipped/>
  </testcase> <!-- Video1 -->
  <system-out/>
</testsuite> <!-- Youtube_Play.Play_Video -->
