<?xml version="1.0" encoding="UTF-8"?>
<!-- Generated by org.testng.reporters.JUnitReportReporter -->
<testsuite hostname="Hemanth" failures="0" tests="1" name="handling_testng.AmazonCart" time="13.988" errors="0" timestamp="2024-01-19T08:44:20 IST" skipped="0">
  <testcase classname="handling_testng.AmazonCart" name="addtoCart" time="13.988"/>
  <system-out/>
</testsuite> <!-- handling_testng.AmazonCart -->
