<?xml version="1.0" encoding="UTF-8"?>
<!-- Generated by org.testng.reporters.JUnitReportReporter -->
<testsuite hostname="Hemanth" failures="0" tests="1" name="POM.enterdataReturnType" time="4.686" errors="1" timestamp="2024-01-23T17:38:49 IST" skipped="0">
  <testcase classname="POM.enterdataReturnType" name="enter" time="4.686">
    <error type="java.lang.StackOverflowError">
      <![CDATA[java.lang.StackOverflowError
at POM.pom_Facebook1.un_Txt(pom_Facebook1.java:18)
at POM.pom_Facebook1.un_Txt(pom_Facebook1.java:18)
at POM.pom_Facebook1.un_Txt(pom_Facebook1.java:18)
at POM.pom_Facebook1.un_Txt(pom_Facebook1.java:18)
at POM.pom_Facebook1.un_Txt(pom_Facebook1.java:18)
at POM.pom_Facebook1.un_Txt(pom_Facebook1.java:18)
at POM.pom_Facebook1.un_Txt(pom_Facebook1.java:18)
at POM.pom_Facebook1.un_Txt(pom_Facebook1.java:18)
at POM.pom_Facebook1.un_Txt(pom_Facebook1.java:18)
at POM.pom_Facebook1.un_Txt(pom_Facebook1.java:18)
at POM.pom_Facebook1.un_Txt(pom_Facebook1.java:18)
at POM.pom_Facebook1.un_Txt(pom_Facebook1.java:18)
at POM.pom_Facebook1.un_Txt(pom_Facebook1.java:18)
at POM.pom_Facebook1.un_Txt(pom_Facebook1.java:18)
at POM.pom_Facebook1.un_Txt(pom_Facebook1.java:18)
at POM.pom_Facebook1.un_Txt(pom_Facebook1.java:18)
at POM.pom_Facebook1.un_Txt(pom_Facebook1.java:18)
at POM.pom_Facebook1.un_Txt(pom_Facebook1.java:18)
at POM.pom_Facebook1.un_Txt(pom_Facebook1.java:18)
at POM.pom_Facebook1.un_Txt(pom_Facebook1.java:18)
at POM.pom_Facebook1.un_Txt(pom_Facebook1.java:18)
at POM.pom_Facebook1.un_Txt(pom_Facebook1.java:18)
at POM.pom_Facebook1.un_Txt(pom_Facebook1.java:18)
at POM.pom_Facebook1.un_Txt(pom_Facebook1.java:18)
at POM.pom_Facebook1.un_Txt(pom_Facebook1.java:18)
at POM.pom_Facebook1.un_Txt(pom_Facebook1.java:18)
at POM.pom_Facebook1.un_Txt(pom_Facebook1.java:18)
at POM.pom_Facebook1.un_Txt(pom_Facebook1.java:18)
at POM.pom_Facebook1.un_Txt(pom_Facebook1.java:18)
at POM.pom_Facebook1.un_Txt(pom_Facebook1.java:18)
at POM.pom_Facebook1.un_Txt(pom_Facebook1.java:18)
at POM.pom_Facebook1.un_Txt(pom_Facebook1.java:18)
at POM.pom_Facebook1.un_Txt(pom_Facebook1.java:18)
at POM.pom_Facebook1.un_Txt(pom_Facebook1.java:18)
at POM.pom_Facebook1.un_Txt(pom_Facebook1.java:18)
at POM.pom_Facebook1.un_Txt(pom_Facebook1.java:18)
at POM.pom_Facebook1.un_Txt(pom_Facebook1.java:18)
at POM.pom_Facebook1.un_Txt(pom_Facebook1.java:18)
at POM.pom_Facebook1.un_Txt(pom_Facebook1.java:18)
at POM.pom_Facebook1.un_Txt(pom_Facebook1.java:18)
at POM.pom_Facebook1.un_Txt(pom_Facebook1.java:18)
at POM.pom_Facebook1.un_Txt(pom_Facebook1.java:18)
at POM.pom_Facebook1.un_Txt(pom_Facebook1.java:18)
at POM.pom_Facebook1.un_Txt(pom_Facebook1.java:18)
at POM.pom_Facebook1.un_Txt(pom_Facebook1.java:18)
at POM.pom_Facebook1.un_Txt(pom_Facebook1.java:18)
at POM.pom_Facebook1.un_Txt(pom_Facebook1.java:18)
at POM.pom_Facebook1.un_Txt(pom_Facebook1.java:18)
at POM.pom_Facebook1.un_Txt(pom_Facebook1.java:18)
at POM.pom_Facebook1.un_Txt(pom_Facebook1.java:18)
at POM.pom_Facebook1.un_Txt(pom_Facebook1.java:18)
at POM.pom_Facebook1.un_Txt(pom_Facebook1.java:18)
at POM.pom_Facebook1.un_Txt(pom_Facebook1.java:18)
at POM.pom_Facebook1.un_Txt(pom_Facebook1.java:18)
at POM.pom_Facebook1.un_Txt(pom_Facebook1.java:18)
at POM.pom_Facebook1.un_Txt(pom_Facebook1.java:18)
at POM.pom_Facebook1.un_Txt(pom_Facebook1.java:18)
at POM.pom_Facebook1.un_Txt(pom_Facebook1.java:18)
at POM.pom_Facebook1.un_Txt(pom_Facebook1.java:18)
at POM.pom_Facebook1.un_Txt(pom_Facebook1.java:18)
at POM.pom_Facebook1.un_Txt(pom_Facebook1.java:18)
at POM.pom_Facebook1.un_Txt(pom_Facebook1.java:18)
at POM.pom_Facebook1.un_Txt(pom_Facebook1.java:18)
at POM.pom_Facebook1.un_Txt(pom_Facebook1.java:18)
at POM.pom_Facebook1.un_Txt(pom_Facebook1.java:18)
at POM.pom_Facebook1.un_Txt(pom_Facebook1.java:18)
at POM.pom_Facebook1.un_Txt(pom_Facebook1.java:18)
at POM.pom_Facebook1.un_Txt(pom_Facebook1.java:18)
at POM.pom_Facebook1.un_Txt(pom_Facebook1.java:18)
at POM.pom_Facebook1.un_Txt(pom_Facebook1.java:18)
at POM.pom_Facebook1.un_Txt(pom_Facebook1.java:18)
at POM.pom_Facebook1.un_Txt(pom_Facebook1.java:18)
at POM.pom_Facebook1.un_Txt(pom_Facebook1.java:18)
at POM.pom_Facebook1.un_Txt(pom_Facebook1.java:18)
at POM.pom_Facebook1.un_Txt(pom_Facebook1.java:18)
at POM.pom_Facebook1.un_Txt(pom_Facebook1.java:18)
at POM.pom_Facebook1.un_Txt(pom_Facebook1.java:18)
at POM.pom_Facebook1.un_Txt(pom_Facebook1.java:18)
at POM.pom_Facebook1.un_Txt(pom_Facebook1.java:18)
at POM.pom_Facebook1.un_Txt(pom_Facebook1.java:18)
at POM.pom_Facebook1.un_Txt(pom_Facebook1.java:18)
at POM.pom_Facebook1.un_Txt(pom_Facebook1.java:18)
at POM.pom_Facebook1.un_Txt(pom_Facebook1.java:18)
at POM.pom_Facebook1.un_Txt(pom_Facebook1.java:18)
at POM.pom_Facebook1.un_Txt(pom_Facebook1.java:18)
at POM.pom_Facebook1.un_Txt(pom_Facebook1.java:18)
at POM.pom_Facebook1.un_Txt(pom_Facebook1.java:18)
at POM.pom_Facebook1.un_Txt(pom_Facebook1.java:18)
at POM.pom_Facebook1.un_Txt(pom_Facebook1.java:18)
at POM.pom_Facebook1.un_Txt(pom_Facebook1.java:18)
at POM.pom_Facebook1.un_Txt(pom_Facebook1.java:18)
at POM.pom_Facebook1.un_Txt(pom_Facebook1.java:18)
at POM.pom_Facebook1.un_Txt(pom_Facebook1.java:18)
at POM.pom_Facebook1.un_Txt(pom_Facebook1.java:18)
at POM.pom_Facebook1.un_Txt(pom_Facebook1.java:18)
at POM.pom_Facebook1.un_Txt(pom_Facebook1.java:18)
at POM.pom_Facebook1.un_Txt(pom_Facebook1.java:18)
at POM.pom_Facebook1.un_Txt(pom_Facebook1.java:18)
at POM.pom_Facebook1.un_Txt(pom_Facebook1.java:18)
at POM.pom_Facebook1.un_Txt(pom_Facebook1.java:18)
at POM.pom_Facebook1.un_Txt(pom_Facebook1.java:18)
at POM.pom_Facebook1.un_Txt(pom_Facebook1.java:18)
at POM.pom_Facebook1.un_Txt(pom_Facebook1.java:18)
at POM.pom_Facebook1.un_Txt(pom_Facebook1.java:18)
at POM.pom_Facebook1.un_Txt(pom_Facebook1.java:18)
at POM.pom_Facebook1.un_Txt(pom_Facebook1.java:18)
at POM.pom_Facebook1.un_Txt(pom_Facebook1.java:18)
at POM.pom_Facebook1.un_Txt(pom_Facebook1.java:18)
at POM.pom_Facebook1.un_Txt(pom_Facebook1.java:18)
at POM.pom_Facebook1.un_Txt(pom_Facebook1.java:18)
at POM.pom_Facebook1.un_Txt(pom_Facebook1.java:18)
at POM.pom_Facebook1.un_Txt(pom_Facebook1.java:18)
at POM.pom_Facebook1.un_Txt(pom_Facebook1.java:18)
at POM.pom_Facebook1.un_Txt(pom_Facebook1.java:18)
at POM.pom_Facebook1.un_Txt(pom_Facebook1.java:18)
at POM.pom_Facebook1.un_Txt(pom_Facebook1.java:18)
at POM.pom_Facebook1.un_Txt(pom_Facebook1.java:18)
at POM.pom_Facebook1.un_Txt(pom_Facebook1.java:18)
at POM.pom_Facebook1.un_Txt(pom_Facebook1.java:18)
at POM.pom_Facebook1.un_Txt(pom_Facebook1.java:18)
at POM.pom_Facebook1.un_Txt(pom_Facebook1.java:18)
at POM.pom_Facebook1.un_Txt(pom_Facebook1.java:18)
at POM.pom_Facebook1.un_Txt(pom_Facebook1.java:18)
at POM.pom_Facebook1.un_Txt(pom_Facebook1.java:18)
at POM.pom_Facebook1.un_Txt(pom_Facebook1.java:18)
at POM.pom_Facebook1.un_Txt(pom_Facebook1.java:18)
at POM.pom_Facebook1.un_Txt(pom_Facebook1.java:18)
at POM.pom_Facebook1.un_Txt(pom_Facebook1.java:18)
at POM.pom_Facebook1.un_Txt(pom_Facebook1.java:18)
at POM.pom_Facebook1.un_Txt(pom_Facebook1.java:18)
at POM.pom_Facebook1.un_Txt(pom_Facebook1.java:18)
at POM.pom_Facebook1.un_Txt(pom_Facebook1.java:18)
at POM.pom_Facebook1.un_Txt(pom_Facebook1.java:18)
at POM.pom_Facebook1.un_Txt(pom_Facebook1.java:18)
at POM.pom_Facebook1.un_Txt(pom_Facebook1.java:18)
at POM.pom_Facebook1.un_Txt(pom_Facebook1.java:18)
at POM.pom_Facebook1.un_Txt(pom_Facebook1.java:18)
at POM.pom_Facebook1.un_Txt(pom_Facebook1.java:18)
at POM.pom_Facebook1.un_Txt(pom_Facebook1.java:18)
at POM.pom_Facebook1.un_Txt(pom_Facebook1.java:18)
at POM.pom_Facebook1.un_Txt(pom_Facebook1.java:18)
at POM.pom_Facebook1.un_Txt(pom_Facebook1.java:18)
at POM.pom_Facebook1.un_Txt(pom_Facebook1.java:18)
at POM.pom_Facebook1.un_Txt(pom_Facebook1.java:18)
at POM.pom_Facebook1.un_Txt(pom_Facebook1.java:18)
at POM.pom_Facebook1.un_Txt(pom_Facebook1.java:18)
at POM.pom_Facebook1.un_Txt(pom_Facebook1.java:18)
at POM.pom_Facebook1.un_Txt(pom_Facebook1.java:18)
at POM.pom_Facebook1.un_Txt(pom_Facebook1.java:18)
at POM.pom_Facebook1.un_Txt(pom_Facebook1.java:18)
at POM.pom_Facebook1.un_Txt(pom_Facebook1.java:18)
at POM.pom_Facebook1.un_Txt(pom_Facebook1.java:18)
at POM.pom_Facebook1.un_Txt(pom_Facebook1.java:18)
at POM.pom_Facebook1.un_Txt(pom_Facebook1.java:18)
at POM.pom_Facebook1.un_Txt(pom_Facebook1.java:18)
at POM.pom_Facebook1.un_Txt(pom_Facebook1.java:18)
at POM.pom_Facebook1.un_Txt(pom_Facebook1.java:18)
at POM.pom_Facebook1.un_Txt(pom_Facebook1.java:18)
at POM.pom_Facebook1.un_Txt(pom_Facebook1.java:18)
at POM.pom_Facebook1.un_Txt(pom_Facebook1.java:18)
at POM.pom_Facebook1.un_Txt(pom_Facebook1.java:18)
at POM.pom_Facebook1.un_Txt(pom_Facebook1.java:18)
at POM.pom_Facebook1.un_Txt(pom_Facebook1.java:18)
at POM.pom_Facebook1.un_Txt(pom_Facebook1.java:18)
at POM.pom_Facebook1.un_Txt(pom_Facebook1.java:18)
at POM.pom_Facebook1.un_Txt(pom_Facebook1.java:18)
at POM.pom_Facebook1.un_Txt(pom_Facebook1.java:18)
at POM.pom_Facebook1.un_Txt(pom_Facebook1.java:18)
at POM.pom_Facebook1.un_Txt(pom_Facebook1.java:18)
at POM.pom_Facebook1.un_Txt(pom_Facebook1.java:18)
at POM.pom_Facebook1.un_Txt(pom_Facebook1.java:18)
at POM.pom_Facebook1.un_Txt(pom_Facebook1.java:18)
at POM.pom_Facebook1.un_Txt(pom_Facebook1.java:18)
at POM.pom_Facebook1.un_Txt(pom_Facebook1.java:18)
at POM.pom_Facebook1.un_Txt(pom_Facebook1.java:18)
at POM.pom_Facebook1.un_Txt(pom_Facebook1.java:18)
at POM.pom_Facebook1.un_Txt(pom_Facebook1.java:18)
at POM.pom_Facebook1.un_Txt(pom_Facebook1.java:18)
at POM.pom_Facebook1.un_Txt(pom_Facebook1.java:18)
at POM.pom_Facebook1.un_Txt(pom_Facebook1.java:18)
at POM.pom_Facebook1.un_Txt(pom_Facebook1.java:18)
at POM.pom_Facebook1.un_Txt(pom_Facebook1.java:18)
at POM.pom_Facebook1.un_Txt(pom_Facebook1.java:18)
at POM.pom_Facebook1.un_Txt(pom_Facebook1.java:18)
at POM.pom_Facebook1.un_Txt(pom_Facebook1.java:18)
at POM.pom_Facebook1.un_Txt(pom_Facebook1.java:18)
at POM.pom_Facebook1.un_Txt(pom_Facebook1.java:18)
at POM.pom_Facebook1.un_Txt(pom_Facebook1.java:18)
at POM.pom_Facebook1.un_Txt(pom_Facebook1.java:18)
at POM.pom_Facebook1.un_Txt(pom_Facebook1.java:18)
at POM.pom_Facebook1.un_Txt(pom_Facebook1.java:18)
at POM.pom_Facebook1.un_Txt(pom_Facebook1.java:18)
at POM.pom_Facebook1.un_Txt(pom_Facebook1.java:18)
at POM.pom_Facebook1.un_Txt(pom_Facebook1.java:18)
at POM.pom_Facebook1.un_Txt(pom_Facebook1.java:18)
at POM.pom_Facebook1.un_Txt(pom_Facebook1.java:18)
at POM.pom_Facebook1.un_Txt(pom_Facebook1.java:18)
at POM.pom_Facebook1.un_Txt(pom_Facebook1.java:18)
at POM.pom_Facebook1.un_Txt(pom_Facebook1.java:18)
at POM.pom_Facebook1.un_Txt(pom_Facebook1.java:18)
at POM.pom_Facebook1.un_Txt(pom_Facebook1.java:18)
at POM.pom_Facebook1.un_Txt(pom_Facebook1.java:18)
at POM.pom_Facebook1.un_Txt(pom_Facebook1.java:18)
at POM.pom_Facebook1.un_Txt(pom_Facebook1.java:18)
at POM.pom_Facebook1.un_Txt(pom_Facebook1.java:18)
at POM.pom_Facebook1.un_Txt(pom_Facebook1.java:18)
at POM.pom_Facebook1.un_Txt(pom_Facebook1.java:18)
at POM.pom_Facebook1.un_Txt(pom_Facebook1.java:18)
at POM.pom_Facebook1.un_Txt(pom_Facebook1.java:18)
at POM.pom_Facebook1.un_Txt(pom_Facebook1.java:18)
at POM.pom_Facebook1.un_Txt(pom_Facebook1.java:18)
at POM.pom_Facebook1.un_Txt(pom_Facebook1.java:18)
at POM.pom_Facebook1.un_Txt(pom_Facebook1.java:18)
at POM.pom_Facebook1.un_Txt(pom_Facebook1.java:18)
at POM.pom_Facebook1.un_Txt(pom_Facebook1.java:18)
at POM.pom_Facebook1.un_Txt(pom_Facebook1.java:18)
at POM.pom_Facebook1.un_Txt(pom_Facebook1.java:18)
at POM.pom_Facebook1.un_Txt(pom_Facebook1.java:18)
at POM.pom_Facebook1.un_Txt(pom_Facebook1.java:18)
at POM.pom_Facebook1.un_Txt(pom_Facebook1.java:18)
at POM.pom_Facebook1.un_Txt(pom_Facebook1.java:18)
at POM.pom_Facebook1.un_Txt(pom_Facebook1.java:18)
at POM.pom_Facebook1.un_Txt(pom_Facebook1.java:18)
at POM.pom_Facebook1.un_Txt(pom_Facebook1.java:18)
at POM.pom_Facebook1.un_Txt(pom_Facebook1.java:18)
at POM.pom_Facebook1.un_Txt(pom_Facebook1.java:18)
at POM.pom_Facebook1.un_Txt(pom_Facebook1.java:18)
at POM.pom_Facebook1.un_Txt(pom_Facebook1.java:18)
at POM.pom_Facebook1.un_Txt(pom_Facebook1.java:18)
at POM.pom_Facebook1.un_Txt(pom_Facebook1.java:18)
at POM.pom_Facebook1.un_Txt(pom_Facebook1.java:18)
at POM.pom_Facebook1.un_Txt(pom_Facebook1.java:18)
at POM.pom_Facebook1.un_Txt(pom_Facebook1.java:18)
at POM.pom_Facebook1.un_Txt(pom_Facebook1.java:18)
at POM.pom_Facebook1.un_Txt(pom_Facebook1.java:18)
at POM.pom_Facebook1.un_Txt(pom_Facebook1.java:18)
at POM.pom_Facebook1.un_Txt(pom_Facebook1.java:18)
at POM.pom_Facebook1.un_Txt(pom_Facebook1.java:18)
at POM.pom_Facebook1.un_Txt(pom_Facebook1.java:18)
at POM.pom_Facebook1.un_Txt(pom_Facebook1.java:18)
at POM.pom_Facebook1.un_Txt(pom_Facebook1.java:18)
at POM.pom_Facebook1.un_Txt(pom_Facebook1.java:18)
at POM.pom_Facebook1.un_Txt(pom_Facebook1.java:18)
at POM.pom_Facebook1.un_Txt(pom_Facebook1.java:18)
at POM.pom_Facebook1.un_Txt(pom_Facebook1.java:18)
at POM.pom_Facebook1.un_Txt(pom_Facebook1.java:18)
at POM.pom_Facebook1.un_Txt(pom_Facebook1.java:18)
at POM.pom_Facebook1.un_Txt(pom_Facebook1.java:18)
at POM.pom_Facebook1.un_Txt(pom_Facebook1.java:18)
at POM.pom_Facebook1.un_Txt(pom_Facebook1.java:18)
at POM.pom_Facebook1.un_Txt(pom_Facebook1.java:18)
at POM.pom_Facebook1.un_Txt(pom_Facebook1.java:18)
at POM.pom_Facebook1.un_Txt(pom_Facebook1.java:18)
at POM.pom_Facebook1.un_Txt(pom_Facebook1.java:18)
at POM.pom_Facebook1.un_Txt(pom_Facebook1.java:18)
at POM.pom_Facebook1.un_Txt(pom_Facebook1.java:18)
at POM.pom_Facebook1.un_Txt(pom_Facebook1.java:18)
at POM.pom_Facebook1.un_Txt(pom_Facebook1.java:18)
at POM.pom_Facebook1.un_Txt(pom_Facebook1.java:18)
at POM.pom_Facebook1.un_Txt(pom_Facebook1.java:18)
at POM.pom_Facebook1.un_Txt(pom_Facebook1.java:18)
at POM.pom_Facebook1.un_Txt(pom_Facebook1.java:18)
at POM.pom_Facebook1.un_Txt(pom_Facebook1.java:18)
at POM.pom_Facebook1.un_Txt(pom_Facebook1.java:18)
at POM.pom_Facebook1.un_Txt(pom_Facebook1.java:18)
at POM.pom_Facebook1.un_Txt(pom_Facebook1.java:18)
at POM.pom_Facebook1.un_Txt(pom_Facebook1.java:18)
at POM.pom_Facebook1.un_Txt(pom_Facebook1.java:18)
at POM.pom_Facebook1.un_Txt(pom_Facebook1.java:18)
at POM.pom_Facebook1.un_Txt(pom_Facebook1.java:18)
at POM.pom_Facebook1.un_Txt(pom_Facebook1.java:18)
at POM.pom_Facebook1.un_Txt(pom_Facebook1.java:18)
at POM.pom_Facebook1.un_Txt(pom_Facebook1.java:18)
at POM.pom_Facebook1.un_Txt(pom_Facebook1.java:18)
at POM.pom_Facebook1.un_Txt(pom_Facebook1.java:18)
at POM.pom_Facebook1.un_Txt(pom_Facebook1.java:18)
at POM.pom_Facebook1.un_Txt(pom_Facebook1.java:18)
at POM.pom_Facebook1.un_Txt(pom_Facebook1.java:18)
at POM.pom_Facebook1.un_Txt(pom_Facebook1.java:18)
at POM.pom_Facebook1.un_Txt(pom_Facebook1.java:18)
at POM.pom_Facebook1.un_Txt(pom_Facebook1.java:18)
at POM.pom_Facebook1.un_Txt(pom_Facebook1.java:18)
at POM.pom_Facebook1.un_Txt(pom_Facebook1.java:18)
at POM.pom_Facebook1.un_Txt(pom_Facebook1.java:18)
at POM.pom_Facebook1.un_Txt(pom_Facebook1.java:18)
at POM.pom_Facebook1.un_Txt(pom_Facebook1.java:18)
at POM.pom_Facebook1.un_Txt(pom_Facebook1.java:18)
at POM.pom_Facebook1.un_Txt(pom_Facebook1.java:18)
at POM.pom_Facebook1.un_Txt(pom_Facebook1.java:18)
at POM.pom_Facebook1.un_Txt(pom_Facebook1.java:18)
at POM.pom_Facebook1.un_Txt(pom_Facebook1.java:18)
at POM.pom_Facebook1.un_Txt(pom_Facebook1.java:18)
at POM.pom_Facebook1.un_Txt(pom_Facebook1.java:18)
at POM.pom_Facebook1.un_Txt(pom_Facebook1.java:18)
at POM.pom_Facebook1.un_Txt(pom_Facebook1.java:18)
at POM.pom_Facebook1.un_Txt(pom_Facebook1.java:18)
at POM.pom_Facebook1.un_Txt(pom_Facebook1.java:18)
at POM.pom_Facebook1.un_Txt(pom_Facebook1.java:18)
at POM.pom_Facebook1.un_Txt(pom_Facebook1.java:18)
at POM.pom_Facebook1.un_Txt(pom_Facebook1.java:18)
at POM.pom_Facebook1.un_Txt(pom_Facebook1.java:18)
at POM.pom_Facebook1.un_Txt(pom_Facebook1.java:18)
at POM.pom_Facebook1.un_Txt(pom_Facebook1.java:18)
at POM.pom_Facebook1.un_Txt(pom_Facebook1.java:18)
at POM.pom_Facebook1.un_Txt(pom_Facebook1.java:18)
at POM.pom_Facebook1.un_Txt(pom_Facebook1.java:18)
at POM.pom_Facebook1.un_Txt(pom_Facebook1.java:18)
at POM.pom_Facebook1.un_Txt(pom_Facebook1.java:18)
at POM.pom_Facebook1.un_Txt(pom_Facebook1.java:18)
at POM.pom_Facebook1.un_Txt(pom_Facebook1.java:18)
at POM.pom_Facebook1.un_Txt(pom_Facebook1.java:18)
at POM.pom_Facebook1.un_Txt(pom_Facebook1.java:18)
at POM.pom_Facebook1.un_Txt(pom_Facebook1.java:18)
at POM.pom_Facebook1.un_Txt(pom_Facebook1.java:18)
at POM.pom_Facebook1.un_Txt(pom_Facebook1.java:18)
at POM.pom_Facebook1.un_Txt(pom_Facebook1.java:18)
at POM.pom_Facebook1.un_Txt(pom_Facebook1.java:18)
at POM.pom_Facebook1.un_Txt(pom_Facebook1.java:18)
at POM.pom_Facebook1.un_Txt(pom_Facebook1.java:18)
at POM.pom_Facebook1.un_Txt(pom_Facebook1.java:18)
at POM.pom_Facebook1.un_Txt(pom_Facebook1.java:18)
at POM.pom_Facebook1.un_Txt(pom_Facebook1.java:18)
at POM.pom_Facebook1.un_Txt(pom_Facebook1.java:18)
at POM.pom_Facebook1.un_Txt(pom_Facebook1.java:18)
at POM.pom_Facebook1.un_Txt(pom_Facebook1.java:18)
at POM.pom_Facebook1.un_Txt(pom_Facebook1.java:18)
at POM.pom_Facebook1.un_Txt(pom_Facebook1.java:18)
at POM.pom_Facebook1.un_Txt(pom_Facebook1.java:18)
at POM.pom_Facebook1.un_Txt(pom_Facebook1.java:18)
at POM.pom_Facebook1.un_Txt(pom_Facebook1.java:18)
at POM.pom_Facebook1.un_Txt(pom_Facebook1.java:18)
at POM.pom_Facebook1.un_Txt(pom_Facebook1.java:18)
at POM.pom_Facebook1.un_Txt(pom_Facebook1.java:18)
at POM.pom_Facebook1.un_Txt(pom_Facebook1.java:18)
at POM.pom_Facebook1.un_Txt(pom_Facebook1.java:18)
at POM.pom_Facebook1.un_Txt(pom_Facebook1.java:18)
at POM.pom_Facebook1.un_Txt(pom_Facebook1.java:18)
at POM.pom_Facebook1.un_Txt(pom_Facebook1.java:18)
at POM.pom_Facebook1.un_Txt(pom_Facebook1.java:18)
at POM.pom_Facebook1.un_Txt(pom_Facebook1.java:18)
at POM.pom_Facebook1.un_Txt(pom_Facebook1.java:18)
at POM.pom_Facebook1.un_Txt(pom_Facebook1.java:18)
at POM.pom_Facebook1.un_Txt(pom_Facebook1.java:18)
at POM.pom_Facebook1.un_Txt(pom_Facebook1.java:18)
at POM.pom_Facebook1.un_Txt(pom_Facebook1.java:18)
at POM.pom_Facebook1.un_Txt(pom_Facebook1.java:18)
at POM.pom_Facebook1.un_Txt(pom_Facebook1.java:18)
at POM.pom_Facebook1.un_Txt(pom_Facebook1.java:18)
at POM.pom_Facebook1.un_Txt(pom_Facebook1.java:18)
at POM.pom_Facebook1.un_Txt(pom_Facebook1.java:18)
at POM.pom_Facebook1.un_Txt(pom_Facebook1.java:18)
at POM.pom_Facebook1.un_Txt(pom_Facebook1.java:18)
at POM.pom_Facebook1.un_Txt(pom_Facebook1.java:18)
at POM.pom_Facebook1.un_Txt(pom_Facebook1.java:18)
at POM.pom_Facebook1.un_Txt(pom_Facebook1.java:18)
at POM.pom_Facebook1.un_Txt(pom_Facebook1.java:18)
at POM.pom_Facebook1.un_Txt(pom_Facebook1.java:18)
at POM.pom_Facebook1.un_Txt(pom_Facebook1.java:18)
at POM.pom_Facebook1.un_Txt(pom_Facebook1.java:18)
at POM.pom_Facebook1.un_Txt(pom_Facebook1.java:18)
at POM.pom_Facebook1.un_Txt(pom_Facebook1.java:18)
at POM.pom_Facebook1.un_Txt(pom_Facebook1.java:18)
at POM.pom_Facebook1.un_Txt(pom_Facebook1.java:18)
at POM.pom_Facebook1.un_Txt(pom_Facebook1.java:18)
at POM.pom_Facebook1.un_Txt(pom_Facebook1.java:18)
at POM.pom_Facebook1.un_Txt(pom_Facebook1.java:18)
at POM.pom_Facebook1.un_Txt(pom_Facebook1.java:18)
at POM.pom_Facebook1.un_Txt(pom_Facebook1.java:18)
at POM.pom_Facebook1.un_Txt(pom_Facebook1.java:18)
at POM.pom_Facebook1.un_Txt(pom_Facebook1.java:18)
at POM.pom_Facebook1.un_Txt(pom_Facebook1.java:18)
at POM.pom_Facebook1.un_Txt(pom_Facebook1.java:18)
at POM.pom_Facebook1.un_Txt(pom_Facebook1.java:18)
at POM.pom_Facebook1.un_Txt(pom_Facebook1.java:18)
at POM.pom_Facebook1.un_Txt(pom_Facebook1.java:18)
at POM.pom_Facebook1.un_Txt(pom_Facebook1.java:18)
at POM.pom_Facebook1.un_Txt(pom_Facebook1.java:18)
at POM.pom_Facebook1.un_Txt(pom_Facebook1.java:18)
at POM.pom_Facebook1.un_Txt(pom_Facebook1.java:18)
at POM.pom_Facebook1.un_Txt(pom_Facebook1.java:18)
at POM.pom_Facebook1.un_Txt(pom_Facebook1.java:18)
at POM.pom_Facebook1.un_Txt(pom_Facebook1.java:18)
at POM.pom_Facebook1.un_Txt(pom_Facebook1.java:18)
at POM.pom_Facebook1.un_Txt(pom_Facebook1.java:18)
at POM.pom_Facebook1.un_Txt(pom_Facebook1.java:18)
at POM.pom_Facebook1.un_Txt(pom_Facebook1.java:18)
at POM.pom_Facebook1.un_Txt(pom_Facebook1.java:18)
at POM.pom_Facebook1.un_Txt(pom_Facebook1.java:18)
at POM.pom_Facebook1.un_Txt(pom_Facebook1.java:18)
at POM.pom_Facebook1.un_Txt(pom_Facebook1.java:18)
at POM.pom_Facebook1.un_Txt(pom_Facebook1.java:18)
at POM.pom_Facebook1.un_Txt(pom_Facebook1.java:18)
at POM.pom_Facebook1.un_Txt(pom_Facebook1.java:18)
at POM.pom_Facebook1.un_Txt(pom_Facebook1.java:18)
at POM.pom_Facebook1.un_Txt(pom_Facebook1.java:18)
at POM.pom_Facebook1.un_Txt(pom_Facebook1.java:18)
at POM.pom_Facebook1.un_Txt(pom_Facebook1.java:18)
at POM.pom_Facebook1.un_Txt(pom_Facebook1.java:18)
at POM.pom_Facebook1.un_Txt(pom_Facebook1.java:18)
at POM.pom_Facebook1.un_Txt(pom_Facebook1.java:18)
at POM.pom_Facebook1.un_Txt(pom_Facebook1.java:18)
at POM.pom_Facebook1.un_Txt(pom_Facebook1.java:18)
at POM.pom_Facebook1.un_Txt(pom_Facebook1.java:18)
at POM.pom_Facebook1.un_Txt(pom_Facebook1.java:18)
at POM.pom_Facebook1.un_Txt(pom_Facebook1.java:18)
at POM.pom_Facebook1.un_Txt(pom_Facebook1.java:18)
at POM.pom_Facebook1.un_Txt(pom_Facebook1.java:18)
at POM.pom_Facebook1.un_Txt(pom_Facebook1.java:18)
at POM.pom_Facebook1.un_Txt(pom_Facebook1.java:18)
at POM.pom_Facebook1.un_Txt(pom_Facebook1.java:18)
at POM.pom_Facebook1.un_Txt(pom_Facebook1.java:18)
at POM.pom_Facebook1.un_Txt(pom_Facebook1.java:18)
at POM.pom_Facebook1.un_Txt(pom_Facebook1.java:18)
at POM.pom_Facebook1.un_Txt(pom_Facebook1.java:18)
at POM.pom_Facebook1.un_Txt(pom_Facebook1.java:18)
at POM.pom_Facebook1.un_Txt(pom_Facebook1.java:18)
at POM.pom_Facebook1.un_Txt(pom_Facebook1.java:18)
at POM.pom_Facebook1.un_Txt(pom_Facebook1.java:18)
at POM.pom_Facebook1.un_Txt(pom_Facebook1.java:18)
at POM.pom_Facebook1.un_Txt(pom_Facebook1.java:18)
at POM.pom_Facebook1.un_Txt(pom_Facebook1.java:18)
at POM.pom_Facebook1.un_Txt(pom_Facebook1.java:18)
at POM.pom_Facebook1.un_Txt(pom_Facebook1.java:18)
at POM.pom_Facebook1.un_Txt(pom_Facebook1.java:18)
at POM.pom_Facebook1.un_Txt(pom_Facebook1.java:18)
at POM.pom_Facebook1.un_Txt(pom_Facebook1.java:18)
at POM.pom_Facebook1.un_Txt(pom_Facebook1.java:18)
at POM.pom_Facebook1.un_Txt(pom_Facebook1.java:18)
at POM.pom_Facebook1.un_Txt(pom_Facebook1.java:18)
at POM.pom_Facebook1.un_Txt(pom_Facebook1.java:18)
at POM.pom_Facebook1.un_Txt(pom_Facebook1.java:18)
at POM.pom_Facebook1.un_Txt(pom_Facebook1.java:18)
at POM.pom_Facebook1.un_Txt(pom_Facebook1.java:18)
at POM.pom_Facebook1.un_Txt(pom_Facebook1.java:18)
at POM.pom_Facebook1.un_Txt(pom_Facebook1.java:18)
at POM.pom_Facebook1.un_Txt(pom_Facebook1.java:18)
at POM.pom_Facebook1.un_Txt(pom_Facebook1.java:18)
at POM.pom_Facebook1.un_Txt(pom_Facebook1.java:18)
at POM.pom_Facebook1.un_Txt(pom_Facebook1.java:18)
at POM.pom_Facebook1.un_Txt(pom_Facebook1.java:18)
at POM.pom_Facebook1.un_Txt(pom_Facebook1.java:18)
at POM.pom_Facebook1.un_Txt(pom_Facebook1.java:18)
at POM.pom_Facebook1.un_Txt(pom_Facebook1.java:18)
at POM.pom_Facebook1.un_Txt(pom_Facebook1.java:18)
at POM.pom_Facebook1.un_Txt(pom_Facebook1.java:18)
at POM.pom_Facebook1.un_Txt(pom_Facebook1.java:18)
at POM.pom_Facebook1.un_Txt(pom_Facebook1.java:18)
at POM.pom_Facebook1.un_Txt(pom_Facebook1.java:18)
at POM.pom_Facebook1.un_Txt(pom_Facebook1.java:18)
at POM.pom_Facebook1.un_Txt(pom_Facebook1.java:18)
at POM.pom_Facebook1.un_Txt(pom_Facebook1.java:18)
at POM.pom_Facebook1.un_Txt(pom_Facebook1.java:18)
at POM.pom_Facebook1.un_Txt(pom_Facebook1.java:18)
at POM.pom_Facebook1.un_Txt(pom_Facebook1.java:18)
at POM.pom_Facebook1.un_Txt(pom_Facebook1.java:18)
at POM.pom_Facebook1.un_Txt(pom_Facebook1.java:18)
at POM.pom_Facebook1.un_Txt(pom_Facebook1.java:18)
at POM.pom_Facebook1.un_Txt(pom_Facebook1.java:18)
at POM.pom_Facebook1.un_Txt(pom_Facebook1.java:18)
at POM.pom_Facebook1.un_Txt(pom_Facebook1.java:18)
at POM.pom_Facebook1.un_Txt(pom_Facebook1.java:18)
at POM.pom_Facebook1.un_Txt(pom_Facebook1.java:18)
at POM.pom_Facebook1.un_Txt(pom_Facebook1.java:18)
at POM.pom_Facebook1.un_Txt(pom_Facebook1.java:18)
at POM.pom_Facebook1.un_Txt(pom_Facebook1.java:18)
at POM.pom_Facebook1.un_Txt(pom_Facebook1.java:18)
at POM.pom_Facebook1.un_Txt(pom_Facebook1.java:18)
at POM.pom_Facebook1.un_Txt(pom_Facebook1.java:18)
at POM.pom_Facebook1.un_Txt(pom_Facebook1.java:18)
at POM.pom_Facebook1.un_Txt(pom_Facebook1.java:18)
at POM.pom_Facebook1.un_Txt(pom_Facebook1.java:18)
at POM.pom_Facebook1.un_Txt(pom_Facebook1.java:18)
at POM.pom_Facebook1.un_Txt(pom_Facebook1.java:18)
at POM.pom_Facebook1.un_Txt(pom_Facebook1.java:18)
at POM.pom_Facebook1.un_Txt(pom_Facebook1.java:18)
at POM.pom_Facebook1.un_Txt(pom_Facebook1.java:18)
at POM.pom_Facebook1.un_Txt(pom_Facebook1.java:18)
at POM.pom_Facebook1.un_Txt(pom_Facebook1.java:18)
at POM.pom_Facebook1.un_Txt(pom_Facebook1.java:18)
at POM.pom_Facebook1.un_Txt(pom_Facebook1.java:18)
at POM.pom_Facebook1.un_Txt(pom_Facebook1.java:18)
at POM.pom_Facebook1.un_Txt(pom_Facebook1.java:18)
at POM.pom_Facebook1.un_Txt(pom_Facebook1.java:18)
at POM.pom_Facebook1.un_Txt(pom_Facebook1.java:18)
at POM.pom_Facebook1.un_Txt(pom_Facebook1.java:18)
at POM.pom_Facebook1.un_Txt(pom_Facebook1.java:18)
at POM.pom_Facebook1.un_Txt(pom_Facebook1.java:18)
at POM.pom_Facebook1.un_Txt(pom_Facebook1.java:18)
at POM.pom_Facebook1.un_Txt(pom_Facebook1.java:18)
at POM.pom_Facebook1.un_Txt(pom_Facebook1.java:18)
at POM.pom_Facebook1.un_Txt(pom_Facebook1.java:18)
at POM.pom_Facebook1.un_Txt(pom_Facebook1.java:18)
at POM.pom_Facebook1.un_Txt(pom_Facebook1.java:18)
at POM.pom_Facebook1.un_Txt(pom_Facebook1.java:18)
at POM.pom_Facebook1.un_Txt(pom_Facebook1.java:18)
at POM.pom_Facebook1.un_Txt(pom_Facebook1.java:18)
at POM.pom_Facebook1.un_Txt(pom_Facebook1.java:18)
at POM.pom_Facebook1.un_Txt(pom_Facebook1.java:18)
at POM.pom_Facebook1.un_Txt(pom_Facebook1.java:18)
at POM.pom_Facebook1.un_Txt(pom_Facebook1.java:18)
at POM.pom_Facebook1.un_Txt(pom_Facebook1.java:18)
at POM.pom_Facebook1.un_Txt(pom_Facebook1.java:18)
at POM.pom_Facebook1.un_Txt(pom_Facebook1.java:18)
at POM.pom_Facebook1.un_Txt(pom_Facebook1.java:18)
at POM.pom_Facebook1.un_Txt(pom_Facebook1.java:18)
at POM.pom_Facebook1.un_Txt(pom_Facebook1.java:18)
at POM.pom_Facebook1.un_Txt(pom_Facebook1.java:18)
at POM.pom_Facebook1.un_Txt(pom_Facebook1.java:18)
at POM.pom_Facebook1.un_Txt(pom_Facebook1.java:18)
at POM.pom_Facebook1.un_Txt(pom_Facebook1.java:18)
at POM.pom_Facebook1.un_Txt(pom_Facebook1.java:18)
at POM.pom_Facebook1.un_Txt(pom_Facebook1.java:18)
at POM.pom_Facebook1.un_Txt(pom_Facebook1.java:18)
at POM.pom_Facebook1.un_Txt(pom_Facebook1.java:18)
at POM.pom_Facebook1.un_Txt(pom_Facebook1.java:18)
at POM.pom_Facebook1.un_Txt(pom_Facebook1.java:18)
at POM.pom_Facebook1.un_Txt(pom_Facebook1.java:18)
at POM.pom_Facebook1.un_Txt(pom_Facebook1.java:18)
at POM.pom_Facebook1.un_Txt(pom_Facebook1.java:18)
at POM.pom_Facebook1.un_Txt(pom_Facebook1.java:18)
at POM.pom_Facebook1.un_Txt(pom_Facebook1.java:18)
at POM.pom_Facebook1.un_Txt(pom_Facebook1.java:18)
at POM.pom_Facebook1.un_Txt(pom_Facebook1.java:18)
at POM.pom_Facebook1.un_Txt(pom_Facebook1.java:18)
at POM.pom_Facebook1.un_Txt(pom_Facebook1.java:18)
at POM.pom_Facebook1.un_Txt(pom_Facebook1.java:18)
at POM.pom_Facebook1.un_Txt(pom_Facebook1.java:18)
at POM.pom_Facebook1.un_Txt(pom_Facebook1.java:18)
at POM.pom_Facebook1.un_Txt(pom_Facebook1.java:18)
at POM.pom_Facebook1.un_Txt(pom_Facebook1.java:18)
at POM.pom_Facebook1.un_Txt(pom_Facebook1.java:18)
at POM.pom_Facebook1.un_Txt(pom_Facebook1.java:18)
at POM.pom_Facebook1.un_Txt(pom_Facebook1.java:18)
at POM.pom_Facebook1.un_Txt(pom_Facebook1.java:18)
at POM.pom_Facebook1.un_Txt(pom_Facebook1.java:18)
at POM.pom_Facebook1.un_Txt(pom_Facebook1.java:18)
at POM.pom_Facebook1.un_Txt(pom_Facebook1.java:18)
at POM.pom_Facebook1.un_Txt(pom_Facebook1.java:18)
at POM.pom_Facebook1.un_Txt(pom_Facebook1.java:18)
at POM.pom_Facebook1.un_Txt(pom_Facebook1.java:18)
at POM.pom_Facebook1.un_Txt(pom_Facebook1.java:18)
at POM.pom_Facebook1.un_Txt(pom_Facebook1.java:18)
at POM.pom_Facebook1.un_Txt(pom_Facebook1.java:18)
at POM.pom_Facebook1.un_Txt(pom_Facebook1.java:18)
at POM.pom_Facebook1.un_Txt(pom_Facebook1.java:18)
at POM.pom_Facebook1.un_Txt(pom_Facebook1.java:18)
at POM.pom_Facebook1.un_Txt(pom_Facebook1.java:18)
at POM.pom_Facebook1.un_Txt(pom_Facebook1.java:18)
at POM.pom_Facebook1.un_Txt(pom_Facebook1.java:18)
at POM.pom_Facebook1.un_Txt(pom_Facebook1.java:18)
at POM.pom_Facebook1.un_Txt(pom_Facebook1.java:18)
at POM.pom_Facebook1.un_Txt(pom_Facebook1.java:18)
at POM.pom_Facebook1.un_Txt(pom_Facebook1.java:18)
at POM.pom_Facebook1.un_Txt(pom_Facebook1.java:18)
at POM.pom_Facebook1.un_Txt(pom_Facebook1.java:18)
at POM.pom_Facebook1.un_Txt(pom_Facebook1.java:18)
at POM.pom_Facebook1.un_Txt(pom_Facebook1.java:18)
at POM.pom_Facebook1.un_Txt(pom_Facebook1.java:18)
at POM.pom_Facebook1.un_Txt(pom_Facebook1.java:18)
at POM.pom_Facebook1.un_Txt(pom_Facebook1.java:18)
at POM.pom_Facebook1.un_Txt(pom_Facebook1.java:18)
at POM.pom_Facebook1.un_Txt(pom_Facebook1.java:18)
at POM.pom_Facebook1.un_Txt(pom_Facebook1.java:18)
at POM.pom_Facebook1.un_Txt(pom_Facebook1.java:18)
at POM.pom_Facebook1.un_Txt(pom_Facebook1.java:18)
at POM.pom_Facebook1.un_Txt(pom_Facebook1.java:18)
at POM.pom_Facebook1.un_Txt(pom_Facebook1.java:18)
at POM.pom_Facebook1.un_Txt(pom_Facebook1.java:18)
at POM.pom_Facebook1.un_Txt(pom_Facebook1.java:18)
at POM.pom_Facebook1.un_Txt(pom_Facebook1.java:18)
at POM.pom_Facebook1.un_Txt(pom_Facebook1.java:18)
at POM.pom_Facebook1.un_Txt(pom_Facebook1.java:18)
at POM.pom_Facebook1.un_Txt(pom_Facebook1.java:18)
at POM.pom_Facebook1.un_Txt(pom_Facebook1.java:18)
at POM.pom_Facebook1.un_Txt(pom_Facebook1.java:18)
at POM.pom_Facebook1.un_Txt(pom_Facebook1.java:18)
at POM.pom_Facebook1.un_Txt(pom_Facebook1.java:18)
at POM.pom_Facebook1.un_Txt(pom_Facebook1.java:18)
at POM.pom_Facebook1.un_Txt(pom_Facebook1.java:18)
at POM.pom_Facebook1.un_Txt(pom_Facebook1.java:18)
at POM.pom_Facebook1.un_Txt(pom_Facebook1.java:18)
at POM.pom_Facebook1.un_Txt(pom_Facebook1.java:18)
at POM.pom_Facebook1.un_Txt(pom_Facebook1.java:18)
at POM.pom_Facebook1.un_Txt(pom_Facebook1.java:18)
at POM.pom_Facebook1.un_Txt(pom_Facebook1.java:18)
at POM.pom_Facebook1.un_Txt(pom_Facebook1.java:18)
at POM.pom_Facebook1.un_Txt(pom_Facebook1.java:18)
at POM.pom_Facebook1.un_Txt(pom_Facebook1.java:18)
at POM.pom_Facebook1.un_Txt(pom_Facebook1.java:18)
at POM.pom_Facebook1.un_Txt(pom_Facebook1.java:18)
at POM.pom_Facebook1.un_Txt(pom_Facebook1.java:18)
at POM.pom_Facebook1.un_Txt(pom_Facebook1.java:18)
at POM.pom_Facebook1.un_Txt(pom_Facebook1.java:18)
at POM.pom_Facebook1.un_Txt(pom_Facebook1.java:18)
at POM.pom_Facebook1.un_Txt(pom_Facebook1.java:18)
at POM.pom_Facebook1.un_Txt(pom_Facebook1.java:18)
at POM.pom_Facebook1.un_Txt(pom_Facebook1.java:18)
at POM.pom_Facebook1.un_Txt(pom_Facebook1.java:18)
at POM.pom_Facebook1.un_Txt(pom_Facebook1.java:18)
at POM.pom_Facebook1.un_Txt(pom_Facebook1.java:18)
at POM.pom_Facebook1.un_Txt(pom_Facebook1.java:18)
at POM.pom_Facebook1.un_Txt(pom_Facebook1.java:18)
at POM.pom_Facebook1.un_Txt(pom_Facebook1.java:18)
at POM.pom_Facebook1.un_Txt(pom_Facebook1.java:18)
at POM.pom_Facebook1.un_Txt(pom_Facebook1.java:18)
at POM.pom_Facebook1.un_Txt(pom_Facebook1.java:18)
at POM.pom_Facebook1.un_Txt(pom_Facebook1.java:18)
at POM.pom_Facebook1.un_Txt(pom_Facebook1.java:18)
at POM.pom_Facebook1.un_Txt(pom_Facebook1.java:18)
at POM.pom_Facebook1.un_Txt(pom_Facebook1.java:18)
at POM.pom_Facebook1.un_Txt(pom_Facebook1.java:18)
at POM.pom_Facebook1.un_Txt(pom_Facebook1.java:18)
at POM.pom_Facebook1.un_Txt(pom_Facebook1.java:18)
at POM.pom_Facebook1.un_Txt(pom_Facebook1.java:18)
at POM.pom_Facebook1.un_Txt(pom_Facebook1.java:18)
at POM.pom_Facebook1.un_Txt(pom_Facebook1.java:18)
at POM.pom_Facebook1.un_Txt(pom_Facebook1.java:18)
at POM.pom_Facebook1.un_Txt(pom_Facebook1.java:18)
at POM.pom_Facebook1.un_Txt(pom_Facebook1.java:18)
at POM.pom_Facebook1.un_Txt(pom_Facebook1.java:18)
at POM.pom_Facebook1.un_Txt(pom_Facebook1.java:18)
at POM.pom_Facebook1.un_Txt(pom_Facebook1.java:18)
at POM.pom_Facebook1.un_Txt(pom_Facebook1.java:18)
at POM.pom_Facebook1.un_Txt(pom_Facebook1.java:18)
at POM.pom_Facebook1.un_Txt(pom_Facebook1.java:18)
at POM.pom_Facebook1.un_Txt(pom_Facebook1.java:18)
at POM.pom_Facebook1.un_Txt(pom_Facebook1.java:18)
at POM.pom_Facebook1.un_Txt(pom_Facebook1.java:18)
at POM.pom_Facebook1.un_Txt(pom_Facebook1.java:18)
at POM.pom_Facebook1.un_Txt(pom_Facebook1.java:18)
at POM.pom_Facebook1.un_Txt(pom_Facebook1.java:18)
at POM.pom_Facebook1.un_Txt(pom_Facebook1.java:18)
at POM.pom_Facebook1.un_Txt(pom_Facebook1.java:18)
at POM.pom_Facebook1.un_Txt(pom_Facebook1.java:18)
at POM.pom_Facebook1.un_Txt(pom_Facebook1.java:18)
at POM.pom_Facebook1.un_Txt(pom_Facebook1.java:18)
at POM.pom_Facebook1.un_Txt(pom_Facebook1.java:18)
at POM.pom_Facebook1.un_Txt(pom_Facebook1.java:18)
at POM.pom_Facebook1.un_Txt(pom_Facebook1.java:18)
at POM.pom_Facebook1.un_Txt(pom_Facebook1.java:18)
at POM.pom_Facebook1.un_Txt(pom_Facebook1.java:18)
at POM.pom_Facebook1.un_Txt(pom_Facebook1.java:18)
at POM.pom_Facebook1.un_Txt(pom_Facebook1.java:18)
at POM.pom_Facebook1.un_Txt(pom_Facebook1.java:18)
at POM.pom_Facebook1.un_Txt(pom_Facebook1.java:18)
at POM.pom_Facebook1.un_Txt(pom_Facebook1.java:18)
at POM.pom_Facebook1.un_Txt(pom_Facebook1.java:18)
at POM.pom_Facebook1.un_Txt(pom_Facebook1.java:18)
at POM.pom_Facebook1.un_Txt(pom_Facebook1.java:18)
at POM.pom_Facebook1.un_Txt(pom_Facebook1.java:18)
at POM.pom_Facebook1.un_Txt(pom_Facebook1.java:18)
at POM.pom_Facebook1.un_Txt(pom_Facebook1.java:18)
at POM.pom_Facebook1.un_Txt(pom_Facebook1.java:18)
at POM.pom_Facebook1.un_Txt(pom_Facebook1.java:18)
at POM.pom_Facebook1.un_Txt(pom_Facebook1.java:18)
at POM.pom_Facebook1.un_Txt(pom_Facebook1.java:18)
at POM.pom_Facebook1.un_Txt(pom_Facebook1.java:18)
at POM.pom_Facebook1.un_Txt(pom_Facebook1.java:18)
at POM.pom_Facebook1.un_Txt(pom_Facebook1.java:18)
at POM.pom_Facebook1.un_Txt(pom_Facebook1.java:18)
at POM.pom_Facebook1.un_Txt(pom_Facebook1.java:18)
at POM.pom_Facebook1.un_Txt(pom_Facebook1.java:18)
at POM.pom_Facebook1.un_Txt(pom_Facebook1.java:18)
at POM.pom_Facebook1.un_Txt(pom_Facebook1.java:18)
at POM.pom_Facebook1.un_Txt(pom_Facebook1.java:18)
at POM.pom_Facebook1.un_Txt(pom_Facebook1.java:18)
at POM.pom_Facebook1.un_Txt(pom_Facebook1.java:18)
at POM.pom_Facebook1.un_Txt(pom_Facebook1.java:18)
at POM.pom_Facebook1.un_Txt(pom_Facebook1.java:18)
at POM.pom_Facebook1.un_Txt(pom_Facebook1.java:18)
at POM.pom_Facebook1.un_Txt(pom_Facebook1.java:18)
at POM.pom_Facebook1.un_Txt(pom_Facebook1.java:18)
at POM.pom_Facebook1.un_Txt(pom_Facebook1.java:18)
at POM.pom_Facebook1.un_Txt(pom_Facebook1.java:18)
at POM.pom_Facebook1.un_Txt(pom_Facebook1.java:18)
at POM.pom_Facebook1.un_Txt(pom_Facebook1.java:18)
at POM.pom_Facebook1.un_Txt(pom_Facebook1.java:18)
at POM.pom_Facebook1.un_Txt(pom_Facebook1.java:18)
at POM.pom_Facebook1.un_Txt(pom_Facebook1.java:18)
at POM.pom_Facebook1.un_Txt(pom_Facebook1.java:18)
at POM.pom_Facebook1.un_Txt(pom_Facebook1.java:18)
at POM.pom_Facebook1.un_Txt(pom_Facebook1.java:18)
at POM.pom_Facebook1.un_Txt(pom_Facebook1.java:18)
at POM.pom_Facebook1.un_Txt(pom_Facebook1.java:18)
at POM.pom_Facebook1.un_Txt(pom_Facebook1.java:18)
at POM.pom_Facebook1.un_Txt(pom_Facebook1.java:18)
at POM.pom_Facebook1.un_Txt(pom_Facebook1.java:18)
at POM.pom_Facebook1.un_Txt(pom_Facebook1.java:18)
at POM.pom_Facebook1.un_Txt(pom_Facebook1.java:18)
at POM.pom_Facebook1.un_Txt(pom_Facebook1.java:18)
at POM.pom_Facebook1.un_Txt(pom_Facebook1.java:18)
at POM.pom_Facebook1.un_Txt(pom_Facebook1.java:18)
at POM.pom_Facebook1.un_Txt(pom_Facebook1.java:18)
at POM.pom_Facebook1.un_Txt(pom_Facebook1.java:18)
at POM.pom_Facebook1.un_Txt(pom_Facebook1.java:18)
at POM.pom_Facebook1.un_Txt(pom_Facebook1.java:18)
at POM.pom_Facebook1.un_Txt(pom_Facebook1.java:18)
at POM.pom_Facebook1.un_Txt(pom_Facebook1.java:18)
at POM.pom_Facebook1.un_Txt(pom_Facebook1.java:18)
at POM.pom_Facebook1.un_Txt(pom_Facebook1.java:18)
at POM.pom_Facebook1.un_Txt(pom_Facebook1.java:18)
at POM.pom_Facebook1.un_Txt(pom_Facebook1.java:18)
at POM.pom_Facebook1.un_Txt(pom_Facebook1.java:18)
at POM.pom_Facebook1.un_Txt(pom_Facebook1.java:18)
at POM.pom_Facebook1.un_Txt(pom_Facebook1.java:18)
at POM.pom_Facebook1.un_Txt(pom_Facebook1.java:18)
at POM.pom_Facebook1.un_Txt(pom_Facebook1.java:18)
at POM.pom_Facebook1.un_Txt(pom_Facebook1.java:18)
at POM.pom_Facebook1.un_Txt(pom_Facebook1.java:18)
at POM.pom_Facebook1.un_Txt(pom_Facebook1.java:18)
at POM.pom_Facebook1.un_Txt(pom_Facebook1.java:18)
at POM.pom_Facebook1.un_Txt(pom_Facebook1.java:18)
at POM.pom_Facebook1.un_Txt(pom_Facebook1.java:18)
at POM.pom_Facebook1.un_Txt(pom_Facebook1.java:18)
at POM.pom_Facebook1.un_Txt(pom_Facebook1.java:18)
at POM.pom_Facebook1.un_Txt(pom_Facebook1.java:18)
at POM.pom_Facebook1.un_Txt(pom_Facebook1.java:18)
at POM.pom_Facebook1.un_Txt(pom_Facebook1.java:18)
at POM.pom_Facebook1.un_Txt(pom_Facebook1.java:18)
at POM.pom_Facebook1.un_Txt(pom_Facebook1.java:18)
at POM.pom_Facebook1.un_Txt(pom_Facebook1.java:18)
at POM.pom_Facebook1.un_Txt(pom_Facebook1.java:18)
at POM.pom_Facebook1.un_Txt(pom_Facebook1.java:18)
at POM.pom_Facebook1.un_Txt(pom_Facebook1.java:18)
at POM.pom_Facebook1.un_Txt(pom_Facebook1.java:18)
at POM.pom_Facebook1.un_Txt(pom_Facebook1.java:18)
at POM.pom_Facebook1.un_Txt(pom_Facebook1.java:18)
at POM.pom_Facebook1.un_Txt(pom_Facebook1.java:18)
at POM.pom_Facebook1.un_Txt(pom_Facebook1.java:18)
at POM.pom_Facebook1.un_Txt(pom_Facebook1.java:18)
at POM.pom_Facebook1.un_Txt(pom_Facebook1.java:18)
at POM.pom_Facebook1.un_Txt(pom_Facebook1.java:18)
at POM.pom_Facebook1.un_Txt(pom_Facebook1.java:18)
at POM.pom_Facebook1.un_Txt(pom_Facebook1.java:18)
at POM.pom_Facebook1.un_Txt(pom_Facebook1.java:18)
at POM.pom_Facebook1.un_Txt(pom_Facebook1.java:18)
at POM.pom_Facebook1.un_Txt(pom_Facebook1.java:18)
at POM.pom_Facebook1.un_Txt(pom_Facebook1.java:18)
at POM.pom_Facebook1.un_Txt(pom_Facebook1.java:18)
at POM.pom_Facebook1.un_Txt(pom_Facebook1.java:18)
at POM.pom_Facebook1.un_Txt(pom_Facebook1.java:18)
at POM.pom_Facebook1.un_Txt(pom_Facebook1.java:18)
at POM.pom_Facebook1.un_Txt(pom_Facebook1.java:18)
at POM.pom_Facebook1.un_Txt(pom_Facebook1.java:18)
at POM.pom_Facebook1.un_Txt(pom_Facebook1.java:18)
at POM.pom_Facebook1.un_Txt(pom_Facebook1.java:18)
at POM.pom_Facebook1.un_Txt(pom_Facebook1.java:18)
at POM.pom_Facebook1.un_Txt(pom_Facebook1.java:18)
at POM.pom_Facebook1.un_Txt(pom_Facebook1.java:18)
at POM.pom_Facebook1.un_Txt(pom_Facebook1.java:18)
at POM.pom_Facebook1.un_Txt(pom_Facebook1.java:18)
at POM.pom_Facebook1.un_Txt(pom_Facebook1.java:18)
at POM.pom_Facebook1.un_Txt(pom_Facebook1.java:18)
at POM.pom_Facebook1.un_Txt(pom_Facebook1.java:18)
at POM.pom_Facebook1.un_Txt(pom_Facebook1.java:18)
at POM.pom_Facebook1.un_Txt(pom_Facebook1.java:18)
at POM.pom_Facebook1.un_Txt(pom_Facebook1.java:18)
at POM.pom_Facebook1.un_Txt(pom_Facebook1.java:18)
at POM.pom_Facebook1.un_Txt(pom_Facebook1.java:18)
at POM.pom_Facebook1.un_Txt(pom_Facebook1.java:18)
at POM.pom_Facebook1.un_Txt(pom_Facebook1.java:18)
at POM.pom_Facebook1.un_Txt(pom_Facebook1.java:18)
at POM.pom_Facebook1.un_Txt(pom_Facebook1.java:18)
at POM.pom_Facebook1.un_Txt(pom_Facebook1.java:18)
at POM.pom_Facebook1.un_Txt(pom_Facebook1.java:18)
at POM.pom_Facebook1.un_Txt(pom_Facebook1.java:18)
at POM.pom_Facebook1.un_Txt(pom_Facebook1.java:18)
at POM.pom_Facebook1.un_Txt(pom_Facebook1.java:18)
at POM.pom_Facebook1.un_Txt(pom_Facebook1.java:18)
at POM.pom_Facebook1.un_Txt(pom_Facebook1.java:18)
at POM.pom_Facebook1.un_Txt(pom_Facebook1.java:18)
at POM.pom_Facebook1.un_Txt(pom_Facebook1.java:18)
at POM.pom_Facebook1.un_Txt(pom_Facebook1.java:18)
at POM.pom_Facebook1.un_Txt(pom_Facebook1.java:18)
at POM.pom_Facebook1.un_Txt(pom_Facebook1.java:18)
at POM.pom_Facebook1.un_Txt(pom_Facebook1.java:18)
at POM.pom_Facebook1.un_Txt(pom_Facebook1.java:18)
at POM.pom_Facebook1.un_Txt(pom_Facebook1.java:18)
at POM.pom_Facebook1.un_Txt(pom_Facebook1.java:18)
at POM.pom_Facebook1.un_Txt(pom_Facebook1.java:18)
at POM.pom_Facebook1.un_Txt(pom_Facebook1.java:18)
at POM.pom_Facebook1.un_Txt(pom_Facebook1.java:18)
at POM.pom_Facebook1.un_Txt(pom_Facebook1.java:18)
at POM.pom_Facebook1.un_Txt(pom_Facebook1.java:18)
at POM.pom_Facebook1.un_Txt(pom_Facebook1.java:18)
at POM.pom_Facebook1.un_Txt(pom_Facebook1.java:18)
at POM.pom_Facebook1.un_Txt(pom_Facebook1.java:18)
at POM.pom_Facebook1.un_Txt(pom_Facebook1.java:18)
at POM.pom_Facebook1.un_Txt(pom_Facebook1.java:18)
at POM.pom_Facebook1.un_Txt(pom_Facebook1.java:18)
at POM.pom_Facebook1.un_Txt(pom_Facebook1.java:18)
at POM.pom_Facebook1.un_Txt(pom_Facebook1.java:18)
at POM.pom_Facebook1.un_Txt(pom_Facebook1.java:18)
at POM.pom_Facebook1.un_Txt(pom_Facebook1.java:18)
at POM.pom_Facebook1.un_Txt(pom_Facebook1.java:18)
at POM.pom_Facebook1.un_Txt(pom_Facebook1.java:18)
at POM.pom_Facebook1.un_Txt(pom_Facebook1.java:18)
at POM.pom_Facebook1.un_Txt(pom_Facebook1.java:18)
at POM.pom_Facebook1.un_Txt(pom_Facebook1.java:18)
at POM.pom_Facebook1.un_Txt(pom_Facebook1.java:18)
at POM.pom_Facebook1.un_Txt(pom_Facebook1.java:18)
at POM.pom_Facebook1.un_Txt(pom_Facebook1.java:18)
at POM.pom_Facebook1.un_Txt(pom_Facebook1.java:18)
at POM.pom_Facebook1.un_Txt(pom_Facebook1.java:18)
at POM.pom_Facebook1.un_Txt(pom_Facebook1.java:18)
at POM.pom_Facebook1.un_Txt(pom_Facebook1.java:18)
at POM.pom_Facebook1.un_Txt(pom_Facebook1.java:18)
at POM.pom_Facebook1.un_Txt(pom_Facebook1.java:18)
at POM.pom_Facebook1.un_Txt(pom_Facebook1.java:18)
at POM.pom_Facebook1.un_Txt(pom_Facebook1.java:18)
at POM.pom_Facebook1.un_Txt(pom_Facebook1.java:18)
at POM.pom_Facebook1.un_Txt(pom_Facebook1.java:18)
at POM.pom_Facebook1.un_Txt(pom_Facebook1.java:18)
at POM.pom_Facebook1.un_Txt(pom_Facebook1.java:18)
at POM.pom_Facebook1.un_Txt(pom_Facebook1.java:18)
at POM.pom_Facebook1.un_Txt(pom_Facebook1.java:18)
at POM.pom_Facebook1.un_Txt(pom_Facebook1.java:18)
at POM.pom_Facebook1.un_Txt(pom_Facebook1.java:18)
at POM.pom_Facebook1.un_Txt(pom_Facebook1.java:18)
at POM.pom_Facebook1.un_Txt(pom_Facebook1.java:18)
at POM.pom_Facebook1.un_Txt(pom_Facebook1.java:18)
at POM.pom_Facebook1.un_Txt(pom_Facebook1.java:18)
at POM.pom_Facebook1.un_Txt(pom_Facebook1.java:18)
at POM.pom_Facebook1.un_Txt(pom_Facebook1.java:18)
at POM.pom_Facebook1.un_Txt(pom_Facebook1.java:18)
at POM.pom_Facebook1.un_Txt(pom_Facebook1.java:18)
at POM.pom_Facebook1.un_Txt(pom_Facebook1.java:18)
at POM.pom_Facebook1.un_Txt(pom_Facebook1.java:18)
at POM.pom_Facebook1.un_Txt(pom_Facebook1.java:18)
at POM.pom_Facebook1.un_Txt(pom_Facebook1.java:18)
at POM.pom_Facebook1.un_Txt(pom_Facebook1.java:18)
at POM.pom_Facebook1.un_Txt(pom_Facebook1.java:18)
at POM.pom_Facebook1.un_Txt(pom_Facebook1.java:18)
at POM.pom_Facebook1.un_Txt(pom_Facebook1.java:18)
at POM.pom_Facebook1.un_Txt(pom_Facebook1.java:18)
at POM.pom_Facebook1.un_Txt(pom_Facebook1.java:18)
at POM.pom_Facebook1.un_Txt(pom_Facebook1.java:18)
at POM.pom_Facebook1.un_Txt(pom_Facebook1.java:18)
at POM.pom_Facebook1.un_Txt(pom_Facebook1.java:18)
at POM.pom_Facebook1.un_Txt(pom_Facebook1.java:18)
at POM.pom_Facebook1.un_Txt(pom_Facebook1.java:18)
at POM.pom_Facebook1.un_Txt(pom_Facebook1.java:18)
at POM.pom_Facebook1.un_Txt(pom_Facebook1.java:18)
at POM.pom_Facebook1.un_Txt(pom_Facebook1.java:18)
at POM.pom_Facebook1.un_Txt(pom_Facebook1.java:18)
at POM.pom_Facebook1.un_Txt(pom_Facebook1.java:18)
at POM.pom_Facebook1.un_Txt(pom_Facebook1.java:18)
at POM.pom_Facebook1.un_Txt(pom_Facebook1.java:18)
at POM.pom_Facebook1.un_Txt(pom_Facebook1.java:18)
at POM.pom_Facebook1.un_Txt(pom_Facebook1.java:18)
at POM.pom_Facebook1.un_Txt(pom_Facebook1.java:18)
at POM.pom_Facebook1.un_Txt(pom_Facebook1.java:18)
at POM.pom_Facebook1.un_Txt(pom_Facebook1.java:18)
at POM.pom_Facebook1.un_Txt(pom_Facebook1.java:18)
at POM.pom_Facebook1.un_Txt(pom_Facebook1.java:18)
at POM.pom_Facebook1.un_Txt(pom_Facebook1.java:18)
at POM.pom_Facebook1.un_Txt(pom_Facebook1.java:18)
at POM.pom_Facebook1.un_Txt(pom_Facebook1.java:18)
at POM.pom_Facebook1.un_Txt(pom_Facebook1.java:18)
at POM.pom_Facebook1.un_Txt(pom_Facebook1.java:18)
at POM.pom_Facebook1.un_Txt(pom_Facebook1.java:18)
at POM.pom_Facebook1.un_Txt(pom_Facebook1.java:18)
at POM.pom_Facebook1.un_Txt(pom_Facebook1.java:18)
at POM.pom_Facebook1.un_Txt(pom_Facebook1.java:18)
at POM.pom_Facebook1.un_Txt(pom_Facebook1.java:18)
at POM.pom_Facebook1.un_Txt(pom_Facebook1.java:18)
at POM.pom_Facebook1.un_Txt(pom_Facebook1.java:18)
at POM.pom_Facebook1.un_Txt(pom_Facebook1.java:18)
at POM.pom_Facebook1.un_Txt(pom_Facebook1.java:18)
at POM.pom_Facebook1.un_Txt(pom_Facebook1.java:18)
at POM.pom_Facebook1.un_Txt(pom_Facebook1.java:18)
at POM.pom_Facebook1.un_Txt(pom_Facebook1.java:18)
at POM.pom_Facebook1.un_Txt(pom_Facebook1.java:18)
at POM.pom_Facebook1.un_Txt(pom_Facebook1.java:18)
at POM.pom_Facebook1.un_Txt(pom_Facebook1.java:18)
at POM.pom_Facebook1.un_Txt(pom_Facebook1.java:18)
at POM.pom_Facebook1.un_Txt(pom_Facebook1.java:18)
at POM.pom_Facebook1.un_Txt(pom_Facebook1.java:18)
at POM.pom_Facebook1.un_Txt(pom_Facebook1.java:18)
at POM.pom_Facebook1.un_Txt(pom_Facebook1.java:18)
at POM.pom_Facebook1.un_Txt(pom_Facebook1.java:18)
at POM.pom_Facebook1.un_Txt(pom_Facebook1.java:18)
at POM.pom_Facebook1.un_Txt(pom_Facebook1.java:18)
at POM.pom_Facebook1.un_Txt(pom_Facebook1.java:18)
at POM.pom_Facebook1.un_Txt(pom_Facebook1.java:18)
at POM.pom_Facebook1.un_Txt(pom_Facebook1.java:18)
at POM.pom_Facebook1.un_Txt(pom_Facebook1.java:18)
at POM.pom_Facebook1.un_Txt(pom_Facebook1.java:18)
at POM.pom_Facebook1.un_Txt(pom_Facebook1.java:18)
at POM.pom_Facebook1.un_Txt(pom_Facebook1.java:18)
at POM.pom_Facebook1.un_Txt(pom_Facebook1.java:18)
at POM.pom_Facebook1.un_Txt(pom_Facebook1.java:18)
at POM.pom_Facebook1.un_Txt(pom_Facebook1.java:18)
at POM.pom_Facebook1.un_Txt(pom_Facebook1.java:18)
at POM.pom_Facebook1.un_Txt(pom_Facebook1.java:18)
at POM.pom_Facebook1.un_Txt(pom_Facebook1.java:18)
at POM.pom_Facebook1.un_Txt(pom_Facebook1.java:18)
at POM.pom_Facebook1.un_Txt(pom_Facebook1.java:18)
at POM.pom_Facebook1.un_Txt(pom_Facebook1.java:18)
at POM.pom_Facebook1.un_Txt(pom_Facebook1.java:18)
at POM.pom_Facebook1.un_Txt(pom_Facebook1.java:18)
at POM.pom_Facebook1.un_Txt(pom_Facebook1.java:18)
at POM.pom_Facebook1.un_Txt(pom_Facebook1.java:18)
at POM.pom_Facebook1.un_Txt(pom_Facebook1.java:18)
at POM.pom_Facebook1.un_Txt(pom_Facebook1.java:18)
at POM.pom_Facebook1.un_Txt(pom_Facebook1.java:18)
at POM.pom_Facebook1.un_Txt(pom_Facebook1.java:18)
at POM.pom_Facebook1.un_Txt(pom_Facebook1.java:18)
at POM.pom_Facebook1.un_Txt(pom_Facebook1.java:18)
at POM.pom_Facebook1.un_Txt(pom_Facebook1.java:18)
at POM.pom_Facebook1.un_Txt(pom_Facebook1.java:18)
at POM.pom_Facebook1.un_Txt(pom_Facebook1.java:18)
at POM.pom_Facebook1.un_Txt(pom_Facebook1.java:18)
at POM.pom_Facebook1.un_Txt(pom_Facebook1.java:18)
at POM.pom_Facebook1.un_Txt(pom_Facebook1.java:18)
at POM.pom_Facebook1.un_Txt(pom_Facebook1.java:18)
at POM.pom_Facebook1.un_Txt(pom_Facebook1.java:18)
at POM.pom_Facebook1.un_Txt(pom_Facebook1.java:18)
at POM.pom_Facebook1.un_Txt(pom_Facebook1.java:18)
at POM.pom_Facebook1.un_Txt(pom_Facebook1.java:18)
at POM.pom_Facebook1.un_Txt(pom_Facebook1.java:18)
at POM.pom_Facebook1.un_Txt(pom_Facebook1.java:18)
at POM.pom_Facebook1.un_Txt(pom_Facebook1.java:18)
at POM.pom_Facebook1.un_Txt(pom_Facebook1.java:18)
at POM.pom_Facebook1.un_Txt(pom_Facebook1.java:18)
at POM.pom_Facebook1.un_Txt(pom_Facebook1.java:18)
at POM.pom_Facebook1.un_Txt(pom_Facebook1.java:18)
at POM.pom_Facebook1.un_Txt(pom_Facebook1.java:18)
at POM.pom_Facebook1.un_Txt(pom_Facebook1.java:18)
at POM.pom_Facebook1.un_Txt(pom_Facebook1.java:18)
at POM.pom_Facebook1.un_Txt(pom_Facebook1.java:18)
at POM.pom_Facebook1.un_Txt(pom_Facebook1.java:18)
at POM.pom_Facebook1.un_Txt(pom_Facebook1.java:18)
at POM.pom_Facebook1.un_Txt(pom_Facebook1.java:18)
at POM.pom_Facebook1.un_Txt(pom_Facebook1.java:18)
at POM.pom_Facebook1.un_Txt(pom_Facebook1.java:18)
at POM.pom_Facebook1.un_Txt(pom_Facebook1.java:18)
at POM.pom_Facebook1.un_Txt(pom_Facebook1.java:18)
at POM.pom_Facebook1.un_Txt(pom_Facebook1.java:18)
at POM.pom_Facebook1.un_Txt(pom_Facebook1.java:18)
at POM.pom_Facebook1.un_Txt(pom_Facebook1.java:18)
at POM.pom_Facebook1.un_Txt(pom_Facebook1.java:18)
at POM.pom_Facebook1.un_Txt(pom_Facebook1.java:18)
at POM.pom_Facebook1.un_Txt(pom_Facebook1.java:18)
at POM.pom_Facebook1.un_Txt(pom_Facebook1.java:18)
at POM.pom_Facebook1.un_Txt(pom_Facebook1.java:18)
at POM.pom_Facebook1.un_Txt(pom_Facebook1.java:18)
at POM.pom_Facebook1.un_Txt(pom_Facebook1.java:18)
at POM.pom_Facebook1.un_Txt(pom_Facebook1.java:18)
at POM.pom_Facebook1.un_Txt(pom_Facebook1.java:18)
at POM.pom_Facebook1.un_Txt(pom_Facebook1.java:18)
at POM.pom_Facebook1.un_Txt(pom_Facebook1.java:18)
at POM.pom_Facebook1.un_Txt(pom_Facebook1.java:18)
at POM.pom_Facebook1.un_Txt(pom_Facebook1.java:18)
at POM.pom_Facebook1.un_Txt(pom_Facebook1.java:18)
at POM.pom_Facebook1.un_Txt(pom_Facebook1.java:18)
at POM.pom_Facebook1.un_Txt(pom_Facebook1.java:18)
at POM.pom_Facebook1.un_Txt(pom_Facebook1.java:18)
at POM.pom_Facebook1.un_Txt(pom_Facebook1.java:18)
at POM.pom_Facebook1.un_Txt(pom_Facebook1.java:18)
at POM.pom_Facebook1.un_Txt(pom_Facebook1.java:18)
at POM.pom_Facebook1.un_Txt(pom_Facebook1.java:18)
at POM.pom_Facebook1.un_Txt(pom_Facebook1.java:18)
at POM.pom_Facebook1.un_Txt(pom_Facebook1.java:18)
at POM.pom_Facebook1.un_Txt(pom_Facebook1.java:18)
at POM.pom_Facebook1.un_Txt(pom_Facebook1.java:18)
at POM.pom_Facebook1.un_Txt(pom_Facebook1.java:18)
at POM.pom_Facebook1.un_Txt(pom_Facebook1.java:18)
at POM.pom_Facebook1.un_Txt(pom_Facebook1.java:18)
at POM.pom_Facebook1.un_Txt(pom_Facebook1.java:18)
at POM.pom_Facebook1.un_Txt(pom_Facebook1.java:18)
at POM.pom_Facebook1.un_Txt(pom_Facebook1.java:18)
at POM.pom_Facebook1.un_Txt(pom_Facebook1.java:18)
at POM.pom_Facebook1.un_Txt(pom_Facebook1.java:18)
at POM.pom_Facebook1.un_Txt(pom_Facebook1.java:18)
at POM.pom_Facebook1.un_Txt(pom_Facebook1.java:18)
at POM.pom_Facebook1.un_Txt(pom_Facebook1.java:18)
at POM.pom_Facebook1.un_Txt(pom_Facebook1.java:18)
at POM.pom_Facebook1.un_Txt(pom_Facebook1.java:18)
at POM.pom_Facebook1.un_Txt(pom_Facebook1.java:18)
at POM.pom_Facebook1.un_Txt(pom_Facebook1.java:18)
at POM.pom_Facebook1.un_Txt(pom_Facebook1.java:18)
at POM.pom_Facebook1.un_Txt(pom_Facebook1.java:18)
at POM.pom_Facebook1.un_Txt(pom_Facebook1.java:18)
at POM.pom_Facebook1.un_Txt(pom_Facebook1.java:18)
at POM.pom_Facebook1.un_Txt(pom_Facebook1.java:18)
at POM.pom_Facebook1.un_Txt(pom_Facebook1.java:18)
at POM.pom_Facebook1.un_Txt(pom_Facebook1.java:18)
at POM.pom_Facebook1.un_Txt(pom_Facebook1.java:18)
at POM.pom_Facebook1.un_Txt(pom_Facebook1.java:18)
at POM.pom_Facebook1.un_Txt(pom_Facebook1.java:18)
at POM.pom_Facebook1.un_Txt(pom_Facebook1.java:18)
at POM.pom_Facebook1.un_Txt(pom_Facebook1.java:18)
at POM.pom_Facebook1.un_Txt(pom_Facebook1.java:18)
at POM.pom_Facebook1.un_Txt(pom_Facebook1.java:18)
at POM.pom_Facebook1.un_Txt(pom_Facebook1.java:18)
at POM.pom_Facebook1.un_Txt(pom_Facebook1.java:18)
at POM.pom_Facebook1.un_Txt(pom_Facebook1.java:18)
at POM.pom_Facebook1.un_Txt(pom_Facebook1.java:18)
at POM.pom_Facebook1.un_Txt(pom_Facebook1.java:18)
at POM.pom_Facebook1.un_Txt(pom_Facebook1.java:18)
at POM.pom_Facebook1.un_Txt(pom_Facebook1.java:18)
at POM.pom_Facebook1.un_Txt(pom_Facebook1.java:18)
at POM.pom_Facebook1.un_Txt(pom_Facebook1.java:18)
at POM.pom_Facebook1.un_Txt(pom_Facebook1.java:18)
at POM.pom_Facebook1.un_Txt(pom_Facebook1.java:18)
at POM.pom_Facebook1.un_Txt(pom_Facebook1.java:18)
at POM.pom_Facebook1.un_Txt(pom_Facebook1.java:18)
at POM.pom_Facebook1.un_Txt(pom_Facebook1.java:18)
at POM.pom_Facebook1.un_Txt(pom_Facebook1.java:18)
at POM.pom_Facebook1.un_Txt(pom_Facebook1.java:18)
at POM.pom_Facebook1.un_Txt(pom_Facebook1.java:18)
at POM.pom_Facebook1.un_Txt(pom_Facebook1.java:18)
at POM.pom_Facebook1.un_Txt(pom_Facebook1.java:18)
at POM.pom_Facebook1.un_Txt(pom_Facebook1.java:18)
at POM.pom_Facebook1.un_Txt(pom_Facebook1.java:18)
at POM.pom_Facebook1.un_Txt(pom_Facebook1.java:18)
at POM.pom_Facebook1.un_Txt(pom_Facebook1.java:18)
at POM.pom_Facebook1.un_Txt(pom_Facebook1.java:18)
at POM.pom_Facebook1.un_Txt(pom_Facebook1.java:18)
at POM.pom_Facebook1.un_Txt(pom_Facebook1.java:18)
at POM.pom_Facebook1.un_Txt(pom_Facebook1.java:18)
at POM.pom_Facebook1.un_Txt(pom_Facebook1.java:18)
at POM.pom_Facebook1.un_Txt(pom_Facebook1.java:18)
]]>
    </error>
  </testcase> <!-- enter -->
  <system-out/>
</testsuite> <!-- POM.enterdataReturnType -->
