<?xml version="1.0" encoding="UTF-8"?>
<!-- Generated by org.testng.reporters.JUnitReportReporter -->
<testsuite hostname="Hemanth" failures="0" tests="1" name="JDBC.fetchDataFromDB" time="0.513" errors="0" timestamp="2024-01-25T17:25:01 IST" skipped="0">
  <testcase classname="JDBC.fetchDataFromDB" name="runner" time="0.513"/>
  <system-out/>
</testsuite> <!-- JDBC.fetchDataFromDB -->
