<?xml version="1.0" encoding="UTF-8"?>
<!-- Generated by org.testng.reporters.JUnitReportReporter -->
<testsuite hostname="Hemanth" failures="0" tests="1" name="Extent_report.extent_report" time="5.534" errors="0" timestamp="2024-01-29T13:33:42 IST" skipped="0">
  <testcase classname="Extent_report.extent_report" name="run" time="5.534"/>
  <system-out/>
</testsuite> <!-- Extent_report.extent_report -->
