<?xml version="1.0" encoding="UTF-8"?>
<!-- Generated by org.testng.reporters.JUnitReportReporter -->
<testsuite hostname="Hemanth" failures="0" tests="1" name="POM.Laraclass_Runner" time="8.912" errors="0" timestamp="2024-01-24T11:27:17 IST" skipped="0">
  <testcase classname="POM.Laraclass_Runner" name="test" time="8.912"/>
  <system-out/>
</testsuite> <!-- POM.Laraclass_Runner -->
