<?xml version="1.0" encoding="UTF-8"?>
<!-- Generated by org.testng.reporters.JUnitReportReporter -->
<testsuite hostname="Hemanth" failures="0" tests="1" name="POM.enterdataInto_Pass" time="4.759" errors="0" timestamp="2024-01-24T11:47:29 IST" skipped="0">
  <testcase classname="POM.enterdataInto_Pass" name="enterpass" time="4.759"/>
  <system-out/>
</testsuite> <!-- POM.enterdataInto_Pass -->
