<?xml version="1.0" encoding="UTF-8"?>
<!-- Generated by org.testng.reporters.JUnitReportReporter -->
<testsuite hostname="Hemanth" failures="0" tests="3" name="DataProvider.Facebook_DataProvider" time="7.489" errors="0" timestamp="2024-01-26T12:38:37 IST" skipped="0">
  <testcase classname="DataProvider.Facebook_DataProvider" name="run" time="3.033"/>
  <system-out/>
  <testcase classname="DataProvider.Facebook_DataProvider" name="run" time="2.100"/>
  <system-out/>
  <testcase classname="DataProvider.Facebook_DataProvider" name="run" time="2.356"/>
  <system-out/>
</testsuite> <!-- DataProvider.Facebook_DataProvider -->
