<?xml version="1.0" encoding="UTF-8"?>
<!-- Generated by org.testng.reporters.JUnitReportReporter -->
<testsuite hostname="Hemanth" failures="0" tests="2" name="Facebook_login.login" time="11.024" errors="0" timestamp="2024-02-07T13:00:21 IST" skipped="0">
  <testcase classname="Facebook_login.login" name="testLogin" time="4.606"/>
  <system-out/>
  <testcase classname="Facebook_login.login" name="testLogin1" time="6.418"/>
  <system-out/>
</testsuite> <!-- Facebook_login.login -->
