<?xml version="1.0" encoding="UTF-8"?>
<!-- Generated by org.testng.reporters.JUnitReportReporter -->
<testsuite hostname="Hemanth" failures="0" tests="1" name="handling_testng.instagram_Reported" time="6.638" errors="0" timestamp="2024-01-17T16:55:09 IST" skipped="0">
  <testcase classname="handling_testng.instagram_Reported" name="run" time="6.638"/>
  <system-out>
    <![CDATA[browser is launched
Instagram is Opened
Enter valid Un and Passord and clicked on Login]]>
  </system-out>
</testsuite> <!-- handling_testng.instagram_Reported -->
