<?xml version="1.0" encoding="UTF-8"?>
<!-- Generated by org.testng.reporters.JUnitReportReporter -->
<testsuite hostname="Hemanth" failures="0" tests="1" name="handling_testng.YoutubePlay" time="11.009" errors="0" timestamp="2024-01-19T17:21:53 IST" skipped="0">
  <testcase classname="handling_testng.YoutubePlay" name="play" time="11.009"/>
  <system-out/>
</testsuite> <!-- handling_testng.YoutubePlay -->
