<?xml version="1.0" encoding="UTF-8"?>
<!-- Generated by org.testng.reporters.JUnitReportReporter -->
<testsuite hostname="Hemanth" failures="0" tests="1" name="Assertion.Facebook_Assert_pass" time="3.734" errors="0" timestamp="2024-02-08T02:30:19 IST" skipped="0">
  <testcase classname="Assertion.Facebook_Assert_pass" name="assertion" time="3.734"/>
  <system-out/>
</testsuite> <!-- Assertion.Facebook_Assert_pass -->
