<?xml version="1.0" encoding="UTF-8"?>
<!-- Generated by org.testng.reporters.JUnitReportReporter -->
<testsuite hostname="Hemanth" failures="0" tests="1" name="DataProvider.EnterData_into_form_PropertyFile" time="11.815" errors="0" timestamp="2024-01-26T13:40:59 IST" skipped="0">
  <testcase classname="DataProvider.EnterData_into_form_PropertyFile" name="testEnter" time="11.815"/>
  <system-out/>
</testsuite> <!-- DataProvider.EnterData_into_form_PropertyFile -->
