<?xml version="1.0" encoding="UTF-8"?>
<!-- Generated by org.testng.reporters.JUnitReportReporter -->
<testsuite hostname="Hemanth" failures="0" tests="1" name="Assertion.Facebook_Assert" time="2.854" errors="0" timestamp="2024-01-19T16:49:08 IST" skipped="0">
  <testcase classname="Assertion.Facebook_Assert" name="assertion" time="2.854"/>
  <system-out/>
</testsuite> <!-- Assertion.Facebook_Assert -->
