<?xml version="1.0" encoding="UTF-8"?>
<!-- Generated by org.testng.reporters.JUnitReportReporter -->
<testsuite hostname="Hemanth" failures="0" tests="4" name="handling_testng.gmail_priority" time="0.012" errors="0" timestamp="2024-01-17T16:56:56 IST" skipped="0">
  <testcase classname="handling_testng.gmail_priority" name="sentitems" time="0.008"/>
  <system-out/>
  <testcase classname="handling_testng.gmail_priority" name="compose" time="0.001"/>
  <system-out/>
  <testcase classname="handling_testng.gmail_priority" name="againsentitems" time="0.002"/>
  <system-out/>
  <testcase classname="handling_testng.gmail_priority" name="trash" time="0.001"/>
  <system-out/>
</testsuite> <!-- handling_testng.gmail_priority -->
