<?xml version="1.0" encoding="UTF-8"?>
<!-- Generated by org.testng.reporters.JUnitReportReporter -->
<testsuite hostname="Hemanth" failures="0" tests="2" name="handling_testng.method_enabled" time="0.002" errors="0" timestamp="2024-01-17T16:56:56 IST" skipped="1">
  <testcase classname="handling_testng.method_enabled" name="compose" time="0.002"/>
  <system-out/>
  <testcase classname="handling_testng.method_enabled" name="sentitems">
    <skipped/>
  </testcase> <!-- sentitems -->
  <system-out/>
</testsuite> <!-- handling_testng.method_enabled -->
