<?xml version="1.0" encoding="UTF-8"?>
<!-- Generated by org.testng.reporters.JUnitReportReporter -->
<testsuite hostname="Hemanth" failures="0" tests="1" name="test.testNG" time="1.433" errors="0" timestamp="31 Jan 2024 07:25:44 GMT" skipped="0">
  <testcase classname="test.testNG" name="test" time="1.433"/>
</testsuite> <!-- test.testNG -->
