<?xml version="1.0" encoding="UTF-8"?>
<!-- Generated by org.testng.reporters.JUnitReportReporter -->
<testsuite hostname="Hemanth" failures="0" tests="1" name="com.AOS.Runner.AOS_Signup_Runner" time="5.088" errors="0" timestamp="07 Feb 2024 19:45:54 GMT" skipped="0">
  <testcase classname="com.AOS.Runner.AOS_Signup_Runner" name="test" time="5.088"/>
</testsuite> <!-- com.AOS.Runner.AOS_Signup_Runner -->
