<?xml version="1.0" encoding="UTF-8"?>
<!-- Generated by org.testng.reporters.JUnitReportReporter -->
<testsuite hostname="Hemanth" failures="0" tests="1" name="com.AOS.Runner.AOS_Runner" time="11.429" errors="0" timestamp="02 Feb 2024 17:48:11 GMT" skipped="0">
  <testcase classname="com.AOS.Runner.AOS_Runner" name="test" time="11.429"/>
</testsuite> <!-- com.AOS.Runner.AOS_Runner -->
